1490313788118	geckodriver	INFO	Listening on 127.0.0.1:61886
1490313790132	mozprofile::profile	INFO	Using profile path C:\Users\ADMINI~1\AppData\Local\Temp\rust_mozprofile.krGPYsTkBZAf
1490313790132	geckodriver::marionette	INFO	Starting browser C:\Program Files (x86)\Mozilla Firefox\firefox.exe
1490313790132	geckodriver::marionette	INFO	Connecting to Marionette on localhost:61892
1490313790270	addons.manager	DEBUG	Application has been upgraded
1490313790294	addons.manager	DEBUG	Loaded provider scope for resource://gre/modules/addons/XPIProvider.jsm: ["XPIProvider"]
1490313790296	addons.manager	DEBUG	Loaded provider scope for resource://gre/modules/LightweightThemeManager.jsm: ["LightweightThemeManager"]
1490313790299	addons.manager	DEBUG	Loaded provider scope for resource://gre/modules/addons/GMPProvider.jsm
1490313790300	addons.manager	DEBUG	Loaded provider scope for resource://gre/modules/addons/PluginProvider.jsm
1490313790300	addons.manager	DEBUG	Starting provider: XPIProvider
1490313790301	addons.xpi	DEBUG	startup
1490313790301	addons.xpi	INFO	SystemAddonInstallLocation directory is missing
1490313790302	addons.xpi	INFO	Mapping e10srollout@mozilla.org to C:\Program Files (x86)\Mozilla Firefox\browser\features\e10srollout@mozilla.org.xpi
1490313790302	addons.xpi	INFO	Mapping firefox@getpocket.com to C:\Program Files (x86)\Mozilla Firefox\browser\features\firefox@getpocket.com.xpi
1490313790302	addons.xpi	INFO	Mapping loop@mozilla.org to C:\Program Files (x86)\Mozilla Firefox\browser\features\loop@mozilla.org.xpi
1490313790303	addons.xpi	INFO	Mapping {972ce4c6-7e08-4474-a285-3208198ce6fd} to C:\Program Files (x86)\Mozilla Firefox\browser\extensions\{972ce4c6-7e08-4474-a285-3208198ce6fd}.xpi
1490313790303	addons.xpi	DEBUG	checkForChanges
1490313790304	addons.xpi	DEBUG	Loaded add-on state from prefs: {}
1490313790305	addons.xpi	DEBUG	New add-on e10srollout@mozilla.org in app-system-defaults
1490313790305	addons.xpi	DEBUG	getModTime: Recursive scan of e10srollout@mozilla.org
1490313790305	addons.xpi	DEBUG	New add-on firefox@getpocket.com in app-system-defaults
1490313790305	addons.xpi	DEBUG	getModTime: Recursive scan of firefox@getpocket.com
1490313790306	addons.xpi	DEBUG	New add-on loop@mozilla.org in app-system-defaults
1490313790306	addons.xpi	DEBUG	getModTime: Recursive scan of loop@mozilla.org
1490313790306	addons.xpi	DEBUG	New add-on {972ce4c6-7e08-4474-a285-3208198ce6fd} in app-global
1490313790306	addons.xpi	DEBUG	getModTime: Recursive scan of {972ce4c6-7e08-4474-a285-3208198ce6fd}
1490313790307	addons.xpi	DEBUG	getInstallState changed: true, state: {"app-system-defaults":{"e10srollout@mozilla.org":{"d":"C:\\Program Files (x86)\\Mozilla Firefox\\browser\\features\\e10srollout@mozilla.org.xpi","st":1476994486592},"firefox@getpocket.com":{"d":"C:\\Program Files (x86)\\Mozilla Firefox\\browser\\features\\firefox@getpocket.com.xpi","st":1476994486585},"loop@mozilla.org":{"d":"C:\\Program Files (x86)\\Mozilla Firefox\\browser\\features\\loop@mozilla.org.xpi","st":1476994486467}},"app-global":{"{972ce4c6-7e08-4474-a285-3208198ce6fd}":{"d":"C:\\Program Files (x86)\\Mozilla Firefox\\browser\\extensions\\{972ce4c6-7e08-4474-a285-3208198ce6fd}.xpi","st":1476994486592}}}
1490313790313	addons.xpi-utils	DEBUG	Opening XPI database C:\Users\ADMINI~1\AppData\Local\Temp\rust_mozprofile.krGPYsTkBZAf\extensions.json
1490313790314	addons.xpi-utils	DEBUG	New add-on e10srollout@mozilla.org installed in app-system-defaults
*** Blocklist::_loadBlocklistFromFile: blocklist is disabled
1490313790321	DeferredSave.extensions.json	DEBUG	Save changes
1490313790321	addons.xpi-utils	DEBUG	New add-on firefox@getpocket.com installed in app-system-defaults
1490313790324	DeferredSave.extensions.json	DEBUG	Starting timer
1490313790325	DeferredSave.extensions.json	DEBUG	Save changes
1490313790325	addons.xpi-utils	DEBUG	New add-on loop@mozilla.org installed in app-system-defaults
1490313790331	DeferredSave.extensions.json	DEBUG	Save changes
1490313790332	addons.xpi-utils	DEBUG	New add-on {972ce4c6-7e08-4474-a285-3208198ce6fd} installed in app-global
1490313790335	DeferredSave.extensions.json	DEBUG	Save changes
1490313790335	addons.xpi-utils	INFO	Hiding the updated system add-ons.
1490313790340	addons.xpi	DEBUG	Loading bootstrap scope from C:\Program Files (x86)\Mozilla Firefox\browser\features\e10srollout@mozilla.org.xpi
1490313790349	addons.xpi	DEBUG	Calling bootstrap method install on e10srollout@mozilla.org version 1.0
1490313790349	addons.xpi-utils	DEBUG	Make addon app-system-defaults:e10srollout@mozilla.org visible
1490313790349	DeferredSave.extensions.json	DEBUG	Save changes
1490313790350	addons.xpi	DEBUG	Loading bootstrap scope from C:\Program Files (x86)\Mozilla Firefox\browser\features\firefox@getpocket.com.xpi
1490313790352	addons.xpi	DEBUG	Calling bootstrap method install on firefox@getpocket.com version 1.0.2
1490313790352	addons.xpi-utils	DEBUG	Make addon app-system-defaults:firefox@getpocket.com visible
1490313790353	DeferredSave.extensions.json	DEBUG	Save changes
1490313790353	addons.xpi	DEBUG	Loading bootstrap scope from C:\Program Files (x86)\Mozilla Firefox\browser\features\loop@mozilla.org.xpi
1490313790357	addons.xpi	DEBUG	Calling bootstrap method install on loop@mozilla.org version 1.3.2
1490313790357	addons.xpi-utils	DEBUG	Make addon app-system-defaults:loop@mozilla.org visible
1490313790357	DeferredSave.extensions.json	DEBUG	Save changes
1490313790358	addons.xpi-utils	DEBUG	Make addon app-global:{972ce4c6-7e08-4474-a285-3208198ce6fd} visible
1490313790358	DeferredSave.extensions.json	DEBUG	Save changes
1490313790358	addons.xpi	DEBUG	Updating XPIState for {"id":"e10srollout@mozilla.org","syncGUID":"AV70Xm1sW3oo","location":"app-system-defaults","version":"1.0","type":"extension","internalName":null,"updateURL":null,"updateKey":null,"optionsURL":null,"optionsType":null,"aboutURL":null,"icons":{},"iconURL":null,"icon64URL":null,"defaultLocale":{"name":"Multi-process staged rollout","description":"Staged rollout of Firefox multi-process feature.","creator":null,"homepageURL":null},"visible":true,"active":true,"userDisabled":false,"appDisabled":false,"descriptor":"C:\\Program Files (x86)\\Mozilla Firefox\\browser\\features\\e10srollout@mozilla.org.xpi","installDate":1476994486592,"updateDate":1476994486592,"applyBackgroundUpdates":1,"bootstrap":true,"skinnable":false,"size":4584,"sourceURI":null,"releaseNotesURI":null,"softDisabled":false,"foreignInstall":false,"hasBinaryComponents":false,"strictCompatibility":false,"locales":[],"targetApplications":[{"id":"{ec8030f7-c20a-464f-9b0e-13a3a9e97384}","minVersion":"47.0.1","maxVersion":"47.0.1"}],"targetPlatforms":[],"multiprocessCompatible":false,"seen":true}
1490313790358	addons.xpi	DEBUG	getModTime: Recursive scan of e10srollout@mozilla.org
1490313790358	addons.xpi	DEBUG	Updating XPIState for {"id":"firefox@getpocket.com","syncGUID":"Zu7WYfUvdTBa","location":"app-system-defaults","version":"1.0.2","type":"extension","internalName":null,"updateURL":null,"updateKey":null,"optionsURL":null,"optionsType":null,"aboutURL":null,"icons":{},"iconURL":null,"icon64URL":null,"defaultLocale":{"name":"Pocket","description":"When you find something you want to view later, put it in Pocket.","creator":null,"homepageURL":null},"visible":true,"active":true,"userDisabled":false,"appDisabled":false,"descriptor":"C:\\Program Files (x86)\\Mozilla Firefox\\browser\\features\\firefox@getpocket.com.xpi","installDate":1476994486585,"updateDate":1476994486585,"applyBackgroundUpdates":1,"bootstrap":true,"skinnable":false,"size":894477,"sourceURI":null,"releaseNotesURI":null,"softDisabled":false,"foreignInstall":false,"hasBinaryComponents":false,"strictCompatibility":false,"locales":[],"targetApplications":[{"id":"{ec8030f7-c20a-464f-9b0e-13a3a9e97384}","minVersion":"47.0.1","maxVersion":"47.0.1"}],"targetPlatforms":[],"multiprocessCompatible":false,"seen":true}
1490313790359	addons.xpi	DEBUG	getModTime: Recursive scan of firefox@getpocket.com
1490313790359	addons.xpi	DEBUG	Updating XPIState for {"id":"loop@mozilla.org","syncGUID":"wLHRapvs-BxN","location":"app-system-defaults","version":"1.3.2","type":"extension","internalName":null,"updateURL":null,"updateKey":null,"optionsURL":null,"optionsType":null,"aboutURL":null,"icons":{},"iconURL":null,"icon64URL":null,"defaultLocale":{"name":"Firefox Hello","description":"Web sharing for Firefox","creator":"Mozilla","homepageURL":null},"visible":true,"active":true,"userDisabled":false,"appDisabled":false,"descriptor":"C:\\Program Files (x86)\\Mozilla Firefox\\browser\\features\\loop@mozilla.org.xpi","installDate":1476994486467,"updateDate":1476994486467,"applyBackgroundUpdates":1,"bootstrap":true,"skinnable":false,"size":4239168,"sourceURI":null,"releaseNotesURI":null,"softDisabled":false,"foreignInstall":false,"hasBinaryComponents":false,"strictCompatibility":false,"locales":[],"targetApplications":[{"id":"{ec8030f7-c20a-464f-9b0e-13a3a9e97384}","minVersion":"46.0a1","maxVersion":"47.*"},{"id":"xpcshell@tests.mozilla.org","minVersion":"0","maxVersion":"10"}],"targetPlatforms":[],"multiprocessCompatible":false,"seen":true}
1490313790359	addons.xpi	DEBUG	getModTime: Recursive scan of loop@mozilla.org
1490313790359	addons.xpi	DEBUG	Updating XPIState for {"id":"{972ce4c6-7e08-4474-a285-3208198ce6fd}","syncGUID":"QiIPa2l9yTX-","location":"app-global","version":"47.0.1","type":"theme","internalName":"classic/1.0","updateURL":null,"updateKey":null,"optionsURL":null,"optionsType":null,"aboutURL":null,"icons":{"32":"icon.png","48":"icon.png"},"iconURL":null,"icon64URL":null,"defaultLocale":{"name":"Default","description":"The default theme.","creator":"Mozilla","homepageURL":null,"contributors":["Mozilla Contributors"]},"visible":true,"active":true,"userDisabled":false,"appDisabled":false,"descriptor":"C:\\Program Files (x86)\\Mozilla Firefox\\browser\\extensions\\{972ce4c6-7e08-4474-a285-3208198ce6fd}.xpi","installDate":1476994486592,"updateDate":1476994486592,"applyBackgroundUpdates":1,"skinnable":true,"size":22012,"sourceURI":null,"releaseNotesURI":null,"softDisabled":false,"foreignInstall":false,"hasBinaryComponents":false,"strictCompatibility":true,"locales":[],"targetApplications":[{"id":"{ec8030f7-c20a-464f-9b0e-13a3a9e97384}","minVersion":"47.0.1","maxVersion":"47.0.1"}],"targetPlatforms":[],"seen":true}
1490313790359	addons.xpi	DEBUG	getModTime: Recursive scan of {972ce4c6-7e08-4474-a285-3208198ce6fd}
1490313790360	DeferredSave.extensions.json	DEBUG	Save changes
1490313790360	addons.xpi	DEBUG	Updating database with changes to installed add-ons
1490313790360	addons.xpi-utils	DEBUG	Updating add-on states
1490313790361	addons.xpi-utils	DEBUG	Writing add-ons list
1490313790363	addons.xpi	DEBUG	Registering manifest for C:\Program Files (x86)\Mozilla Firefox\browser\features\e10srollout@mozilla.org.xpi
1490313790363	addons.xpi	DEBUG	Calling bootstrap method startup on e10srollout@mozilla.org version 1.0
1490313790363	addons.xpi	DEBUG	Registering manifest for C:\Program Files (x86)\Mozilla Firefox\browser\features\firefox@getpocket.com.xpi
1490313790364	addons.xpi	DEBUG	Calling bootstrap method startup on firefox@getpocket.com version 1.0.2
1490313790364	addons.xpi	DEBUG	Registering manifest for C:\Program Files (x86)\Mozilla Firefox\browser\features\loop@mozilla.org.xpi
1490313790365	addons.xpi	DEBUG	Calling bootstrap method startup on loop@mozilla.org version 1.3.2
1490313790381	addons.manager	DEBUG	Registering shutdown blocker for XPIProvider
1490313790381	addons.manager	DEBUG	Provider finished startup: XPIProvider
1490313790381	addons.manager	DEBUG	Starting provider: LightweightThemeManager
1490313790381	addons.manager	DEBUG	Registering shutdown blocker for LightweightThemeManager
1490313790381	addons.manager	DEBUG	Provider finished startup: LightweightThemeManager
1490313790381	addons.manager	DEBUG	Starting provider: GMPProvider
1490313790387	addons.manager	DEBUG	Registering shutdown blocker for GMPProvider
1490313790387	addons.manager	DEBUG	Provider finished startup: GMPProvider
1490313790387	addons.manager	DEBUG	Starting provider: PluginProvider
1490313790387	addons.manager	DEBUG	Registering shutdown blocker for PluginProvider
1490313790387	addons.manager	DEBUG	Provider finished startup: PluginProvider
1490313790388	addons.manager	DEBUG	Completed startup sequence
1490313790566	Marionette	INFO	Listening on port 61892
1490313790705	addons.manager	DEBUG	Starting provider: <unnamed-provider>
1490313790705	addons.manager	DEBUG	Registering shutdown blocker for <unnamed-provider>
1490313790705	addons.manager	DEBUG	Provider finished startup: <unnamed-provider>
1490313790724	addons.manager	DEBUG	Starting provider: PreviousExperimentProvider
1490313790724	addons.manager	DEBUG	Registering shutdown blocker for PreviousExperimentProvider
1490313790724	addons.manager	DEBUG	Provider finished startup: PreviousExperimentProvider
1490313790726	DeferredSave.extensions.json	DEBUG	Starting write
1490313790953	DeferredSave.extensions.json	DEBUG	Write succeeded
1490313790954	addons.xpi-utils	DEBUG	XPI Database saved, setting schema version preference to 17
1490313805809	addons.xpi	DEBUG	Calling bootstrap method shutdown on e10srollout@mozilla.org version 1.0
1490313805809	addons.xpi	DEBUG	Calling bootstrap method shutdown on firefox@getpocket.com version 1.0.2
1490313805810	addons.xpi	DEBUG	Calling bootstrap method shutdown on loop@mozilla.org version 1.3.2
